<?xml version="1.0" encoding="UTF-8"?>
<robot generator="Robot 3.2 (Python 3.8.2 on darwin)" generated="20200504 01:52:05.135" rpa="false">
<suite id="s1" name="Ebay" source="/Users/emmanuel/PycharmProjects/Tutorials/tests/eBay/ebay.robot">
<test id="s1-t1" name="This is Test Case for verifying basic search for eBay">
<kw name="Start TestCase" library="common" type="setup">
<kw name="Open Browser" library="SeleniumLibrary">
<doc>Opens a new browser instance to the optional ``url``.</doc>
<arguments>
<arg>${URL}</arg>
<arg>chrome</arg>
</arguments>
<msg timestamp="20200504 01:52:06.971" level="INFO">Opening browser 'chrome' to base url 'http://www.ebay.com'.</msg>
<status status="PASS" starttime="20200504 01:52:06.971" endtime="20200504 01:52:58.229"></status>
</kw>
<status status="PASS" starttime="20200504 01:52:06.970" endtime="20200504 01:52:58.231"></status>
</kw>
<kw name="Verify Search Results" library="ebayFunctionalities">
<kw name="Input Text" library="SeleniumLibrary">
<doc>Types the given ``text`` into the text field identified by ``locator``.</doc>
<arguments>
<arg>${InputTextLocator}</arg>
<arg>${InputText}</arg>
</arguments>
<msg timestamp="20200504 01:52:58.236" level="INFO">Typing text 'mobile' into text field 'id:gh-ac'.</msg>
<status status="PASS" starttime="20200504 01:52:58.235" endtime="20200504 01:53:06.285"></status>
</kw>
<kw name="Click Button" library="SeleniumLibrary">
<doc>Clicks the button identified by ``locator``.</doc>
<arguments>
<arg>${ClickButton}</arg>
</arguments>
<msg timestamp="20200504 01:53:06.285" level="INFO">Clicking button 'id:gh-btn'.</msg>
<status status="PASS" starttime="20200504 01:53:06.285" endtime="20200504 01:53:15.046"></status>
</kw>
<kw name="Page Should Contain" library="SeleniumLibrary">
<doc>Verifies that current page contains ``text``.</doc>
<arguments>
<arg>results for mobile</arg>
</arguments>
<msg timestamp="20200504 01:53:15.237" level="INFO">Current page contains text 'results for mobile'.</msg>
<status status="PASS" starttime="20200504 01:53:15.047" endtime="20200504 01:53:15.237"></status>
</kw>
<status status="PASS" starttime="20200504 01:52:58.232" endtime="20200504 01:53:15.238"></status>
</kw>
<kw name="Filter Search Results" library="ebayFunctionalities">
<kw name="Mouse Over" library="SeleniumLibrary">
<doc>Simulates hovering the mouse over the element ``locator``.</doc>
<arguments>
<arg>Xpath://*[@id="s0-13-11-5-1[0]-75[1]-14"]/button</arg>
</arguments>
<msg timestamp="20200504 01:53:15.240" level="INFO">Simulating Mouse Over on element 'Xpath://*[@id="s0-13-11-5-1[0]-75[1]-14"]/button'.</msg>
<status status="PASS" starttime="20200504 01:53:15.239" endtime="20200504 01:53:20.877"></status>
</kw>
<kw name="Sleep" library="BuiltIn">
<doc>Pauses the test executed for the given time.</doc>
<arguments>
<arg>3s</arg>
</arguments>
<msg timestamp="20200504 01:53:23.879" level="INFO">Slept 3 seconds</msg>
<status status="PASS" starttime="20200504 01:53:20.877" endtime="20200504 01:53:23.880"></status>
</kw>
<kw name="Mouse Down" library="SeleniumLibrary">
<doc>Simulates pressing the left mouse button on the element ``locator``.</doc>
<arguments>
<arg>Xpath://*[@id="s0-13-11-5-1[0]-75[1]-14"]/button/span</arg>
</arguments>
<msg timestamp="20200504 01:53:23.881" level="INFO">Simulating Mouse Down on element 'Xpath://*[@id="s0-13-11-5-1[0]-75[1]-14"]/button/span'.</msg>
<status status="PASS" starttime="20200504 01:53:23.880" endtime="20200504 01:53:27.677"></status>
</kw>
<kw name="Click Element" library="SeleniumLibrary">
<doc>Click the element identified by ``locator``.</doc>
<arguments>
<arg>Xpath://*[@id="s0-13-11-5-1[0]-75[1]-14"]/button/span</arg>
</arguments>
<msg timestamp="20200504 01:53:27.678" level="INFO">Clicking element 'Xpath://*[@id="s0-13-11-5-1[0]-75[1]-14"]/button/span'.</msg>
<status status="PASS" starttime="20200504 01:53:27.678" endtime="20200504 01:53:27.817"></status>
</kw>
<kw name="Click Element" library="SeleniumLibrary">
<doc>Click the element identified by ``locator``.</doc>
<arguments>
<arg>Xpath://*[@id="s0-13-11-5-1[0]-75[1]-14-content-menu"]/a[2]/span[1]</arg>
</arguments>
<msg timestamp="20200504 01:53:27.818" level="INFO">Clicking element 'Xpath://*[@id="s0-13-11-5-1[0]-75[1]-14-content-menu"]/a[2]/span[1]'.</msg>
<status status="PASS" starttime="20200504 01:53:27.817" endtime="20200504 01:53:30.152"></status>
</kw>
<kw name="Element Should Contain" library="SeleniumLibrary">
<doc>Verifies that element ``locator`` contains text ``expected``.</doc>
<arguments>
<arg>Xpath://*[@id="s0-13-11-6-3-query_answer1-answer-2-1-0-list"]/li[1]/div/a/div</arg>
<arg>New</arg>
</arguments>
<msg timestamp="20200504 01:53:30.270" level="INFO">Element 'Xpath://*[@id="s0-13-11-6-3-query_answer1-answer-2-1-0-list"]/li[1]/div/a/div' contains text 'New'.</msg>
<status status="PASS" starttime="20200504 01:53:30.152" endtime="20200504 01:53:30.270"></status>
</kw>
<status status="PASS" starttime="20200504 01:53:15.238" endtime="20200504 01:53:30.271"></status>
</kw>
<kw name="End TestCase" library="common" type="teardown">
<kw name="Close Browser" library="SeleniumLibrary">
<doc>Closes the current browser.</doc>
<status status="PASS" starttime="20200504 01:53:30.273" endtime="20200504 01:53:32.426"></status>
</kw>
<status status="PASS" starttime="20200504 01:53:30.272" endtime="20200504 01:53:32.427"></status>
</kw>
<doc>This test case verify eBay Basic search</doc>
<tags>
<tag>Functional</tag>
</tags>
<status status="PASS" starttime="20200504 01:52:06.968" endtime="20200504 01:53:32.427" critical="yes"></status>
</test>
<doc>This is a basic test</doc>
<status status="PASS" starttime="20200504 01:52:05.197" endtime="20200504 01:53:32.457"></status>
</suite>
<statistics>
<total>
<stat pass="1" fail="0">Critical Tests</stat>
<stat pass="1" fail="0">All Tests</stat>
</total>
<tag>
<stat pass="1" fail="0">Functional</stat>
</tag>
<suite>
<stat pass="1" fail="0" id="s1" name="Ebay">Ebay</stat>
</suite>
</statistics>
<errors>
</errors>
</robot>
